<?xml version="1.0" encoding="UTF-8"?>
<!-- Generated by org.testng.reporters.JUnitReportReporter -->
<testsuite hostname="Greggs-iMac.local" name="org.w3.ldp.testsuite.test.NonRDFSourceTest" tests="22" failures="22" timestamp="1 Jan 2019 20:19:20 GMT" time="0.002" errors="0">
  <testcase name="testPostNonRDFSource" time="0.000" classname="org.w3.ldp.testsuite.test.NonRDFSourceTest"/>
  <testcase name="testGetResource" time="0.000" classname="org.w3.ldp.testsuite.test.NonRDFSourceTest"/>
  <testcase name="testHead" time="0.000" classname="org.w3.ldp.testsuite.test.NonRDFSourceTest"/>
  <testcase name="testPostResourceGetBinary" time="0.000" classname="org.w3.ldp.testsuite.test.NonRDFSourceTest"/>
  <testcase name="testConditionFailedStatusCode" time="0.000" classname="org.w3.ldp.testsuite.test.NonRDFSourceTest"/>
  <testcase name="testDeleteNonRDFSourceDeletesAssociatedResource" time="0.000" classname="org.w3.ldp.testsuite.test.NonRDFSourceTest"/>
  <testcase name="testPostResourceAndCheckAssociatedResource" time="0.000" classname="org.w3.ldp.testsuite.test.NonRDFSourceTest"/>
  <testcase name="testPreconditionRequiredStatusCode" time="0.000" classname="org.w3.ldp.testsuite.test.NonRDFSourceTest"/>
  <testcase name="testETagHeadersGet" time="0.000" classname="org.w3.ldp.testsuite.test.NonRDFSourceTest"/>
  <testcase name="testOptionsAllowHeader" time="0.001" classname="org.w3.ldp.testsuite.test.NonRDFSourceTest"/>
  <testcase name="testPutRequiresIfMatch" time="0.000" classname="org.w3.ldp.testsuite.test.NonRDFSourceTest"/>
  <testcase name="testPostResourceAndCheckLink" time="0.000" classname="org.w3.ldp.testsuite.test.NonRDFSourceTest"/>
  <testcase name="testETagHeadersHead" time="0.000" classname="org.w3.ldp.testsuite.test.NonRDFSourceTest"/>
  <testcase name="testOptions" time="0.000" classname="org.w3.ldp.testsuite.test.NonRDFSourceTest"/>
  <testcase name="testPutBadETag" time="0.000" classname="org.w3.ldp.testsuite.test.NonRDFSourceTest"/>
  <testcase name="testOptionsHasSameLinkHeader" time="0.001" classname="org.w3.ldp.testsuite.test.NonRDFSourceTest"/>
  <testcase name="testLdpLinkHeader" time="0.000" classname="org.w3.ldp.testsuite.test.NonRDFSourceTest"/>
  <testcase name="testIsHttp11Manual" time="0.000" classname="org.w3.ldp.testsuite.test.NonRDFSourceTest"/>
  <testcase name="testPostResourceAndGetFromContainer" time="0.000" classname="org.w3.ldp.testsuite.test.NonRDFSourceTest"/>
  <testcase name="testPostResourceGetMetadataAndBinary" time="0.000" classname="org.w3.ldp.testsuite.test.NonRDFSourceTest"/>
  <testcase name="testGetResponseHeaders" time="0.000" classname="org.w3.ldp.testsuite.test.NonRDFSourceTest"/>
  <testcase name="testAcceptPatchHeader" time="0.000" classname="org.w3.ldp.testsuite.test.NonRDFSourceTest"/>
</testsuite> <!-- org.w3.ldp.testsuite.test.NonRDFSourceTest -->
